<?xml version="1.0" encoding="UTF-8"?>
<!-- Generated by org.testng.reporters.JUnitXMLReporter -->
<testsuite hostname="AnuAswak" ignored="0" name="Default test" tests="4" failures="0" timestamp="22 Jul 2017 15:12:35 GMT" time="0.047" errors="0">
  <testcase name="getDataFromDataProvider" time="0.015" classname="com.TestNG.RemainingPortions.CopyOfTestNG"/>
  <testcase name="getDataFromDataProvider" time="0.0" classname="com.TestNG.RemainingPortions.CopyOfTestNG"/>
  <testcase name="getDataFromDataProvider" time="0.0" classname="com.TestNG.RemainingPortions.CopyOfTestNG"/>
  <testcase name="getDataFromDataProvider" time="0.0" classname="com.TestNG.RemainingPortions.CopyOfTestNG"/>
</testsuite> <!-- Default test -->
