<?xml version="1.0" encoding="UTF-8"?>
<!-- Generated by org.testng.reporters.JUnitXMLReporter -->
<testsuite hostname="AnuAswak" ignored="4" name="Test" tests="2" failures="0" timestamp="22 Jul 2017 16:21:33 GMT" time="0.026" errors="0">
  <testcase name="regressionClassB" time="0.007" classname="testingGroups.ClassB"/>
  <testcase name="regressionClassA" time="0.0" classname="testingGroups.ClassA"/>
  <testcase name="buildValidationClassB" time="0.0" classname="testingGroups.ClassB">
    <ignored/>
  </testcase> <!-- buildValidationClassB -->
  <testcase name="buildValidationClassA" time="0.0" classname="testingGroups.ClassA">
    <ignored/>
  </testcase> <!-- buildValidationClassA -->
  <testcase name="priorityClassB" time="0.0" classname="testingGroups.ClassB">
    <ignored/>
  </testcase> <!-- priorityClassB -->
  <testcase name="priorityClassA" time="0.0" classname="testingGroups.ClassA">
    <ignored/>
  </testcase> <!-- priorityClassA -->
</testsuite> <!-- Test -->
