<?xml version="1.0" encoding="UTF-8"?>
<testng-results skipped="0" failed="0" ignored="0" total="2" passed="2">
  <reporter-output>
  </reporter-output>
  <suite name="Suite" duration-ms="13367" started-at="2017-07-29T14:42:38Z" finished-at="2017-07-29T14:42:52Z">
    <groups>
    </groups>
    <test name="Test" duration-ms="13367" started-at="2017-07-29T14:42:38Z" finished-at="2017-07-29T14:42:52Z">
      <class name="com.selenium.intro.SeleniumIntro">
        <test-method status="PASS" signature="FireBrowser()[pri:0, instance:com.selenium.intro.SeleniumIntro@91161c7]" name="FireBrowser" is-config="true" duration-ms="3002" started-at="2017-07-29T09:42:39Z" finished-at="2017-07-29T09:42:42Z">
          <reporter-output>
          </reporter-output>
        </test-method> <!-- FireBrowser -->
        <test-method status="PASS" signature="navigateToHomePage()[pri:0, instance:com.selenium.intro.SeleniumIntro@91161c7]" name="navigateToHomePage" duration-ms="8073" started-at="2017-07-29T09:42:42Z" finished-at="2017-07-29T09:42:50Z">
          <reporter-output>
          </reporter-output>
        </test-method> <!-- navigateToHomePage -->
        <test-method status="PASS" signature="enterValue()[pri:0, instance:com.selenium.intro.SeleniumIntro@91161c7]" name="enterValue" duration-ms="2233" started-at="2017-07-29T09:42:50Z" depends-on-methods="com.selenium.intro.SeleniumIntro.navigateToHomePage" finished-at="2017-07-29T09:42:52Z">
          <reporter-output>
          </reporter-output>
        </test-method> <!-- enterValue -->
        <test-method status="PASS" signature="closeApplication()[pri:0, instance:com.selenium.intro.SeleniumIntro@91161c7]" name="closeApplication" is-config="true" duration-ms="2" started-at="2017-07-29T09:42:52Z" finished-at="2017-07-29T09:42:52Z">
          <reporter-output>
          </reporter-output>
        </test-method> <!-- closeApplication -->
      </class> <!-- com.selenium.intro.SeleniumIntro -->
    </test> <!-- Test -->
  </suite> <!-- Suite -->
</testng-results>
